<?xml version="1.0" encoding="UTF-8"?>
<testsuite xmlns:xsi="http://www.w3.org/2001/XMLSchema-instance" xsi:noNamespaceSchemaLocation="https://maven.apache.org/surefire/maven-surefire-plugin/xsd/surefire-test-report-3.0.xsd" version="3.0" name="com.example.RegexTest" time="0.025" tests="8" errors="0" skipped="0" failures="0">
  <properties>
[...]
</properties>
  <testcase name="testOne" classname="com.example.RegexTest" time="0.002"/>
  <testcase name="testSix" classname="com.example.RegexTest" time="0"/>
  <testcase name="testTwo" classname="com.example.RegexTest" time="0"/>
  <testcase name="testEight" classname="com.example.RegexTest" time="0"/>
  <testcase name="testSeven" classname="com.example.RegexTest" time="0"/>
  <testcase name="testThree" classname="com.example.RegexTest" time="0"/>
  <testcase name="testFive" classname="com.example.RegexTest" time="0"/>
  <testcase name="testFour" classname="com.example.RegexTest" time="0.001"/>
</testsuite>